<?xml version="1.0" encoding="UTF-8"?>
<!-- Generated by org.testng.reporters.JUnitReportReporter -->
<testsuite hostname="DESKTOP-KIS4N2E" failures="0" tests="3" name="DataProvidersUse.CreateFBAccount" time="19.848" errors="0" timestamp="2023-06-23T08:03:47 IST" skipped="0">
  <testcase classname="DataProvidersUse.CreateFBAccount" name="fbAcc" time="7.924"/>
  <testcase classname="DataProvidersUse.CreateFBAccount" name="fbAcc" time="6.113"/>
  <testcase classname="DataProvidersUse.CreateFBAccount" name="fbAcc" time="5.811"/>
</testsuite> <!-- DataProvidersUse.CreateFBAccount -->
