<?xml version="1.0" encoding="UTF-8"?>
<!-- Generated by org.testng.reporters.JUnitReportReporter -->
<testsuite hostname="DESKTOP-KIS4N2E" failures="0" tests="3" name="testNGxml.GroupsStudy1" time="0.013" errors="0" timestamp="2023-06-16T08:04:35 IST" skipped="0">
  <testcase classname="testNGxml.GroupsStudy1" name="myMethod6" time="0.001">
    <system-out>
      <![CDATA[myMethod6 is running..]]>
    </system-out>
  </testcase> <!-- myMethod6 -->
  <testcase classname="testNGxml.GroupsStudy1" name="myMethod2" time="0.010">
    <system-out>
      <![CDATA[myMethod2 is running..]]>
    </system-out>
  </testcase> <!-- myMethod2 -->
  <testcase classname="testNGxml.GroupsStudy1" name="myMethod4" time="0.002">
    <system-out>
      <![CDATA[myMethod4 is running..]]>
    </system-out>
  </testcase> <!-- myMethod4 -->
  <system-out>
    <![CDATA[myMethod2 is running..
myMethod4 is running..
myMethod6 is running..
myMethod10 is running..
myMethod12 is running..
myMethod8 is running..]]>
  </system-out>
</testsuite> <!-- testNGxml.GroupsStudy1 -->
