<?xml version="1.0" encoding="UTF-8"?>
<!-- Generated by org.testng.reporters.JUnitReportReporter -->
<testsuite hostname="DESKTOP-KIS4N2E" failures="0" tests="1" name="crossBrowser.NewTest" time="6.708" errors="0" timestamp="2023-06-19T08:16:58 IST" skipped="0">
  <testcase classname="crossBrowser.NewTest" name="testBrowser" time="6.708"/>
</testsuite> <!-- crossBrowser.NewTest -->
