<?xml version="1.0" encoding="UTF-8"?>
<!-- Generated by org.testng.reporters.JUnitReportReporter -->
<testsuite hostname="DESKTOP-KIS4N2E" failures="0" tests="4" name="testNGStudy.NewTest" time="0.009" errors="0" timestamp="2023-06-16T07:24:11 IST" skipped="0">
  <testcase classname="testNGStudy.NewTest" name="myMethod1" time="0.002">
    <system-out>
      <![CDATA[myMethod1 is running]]>
    </system-out>
  </testcase> <!-- myMethod1 -->
  <testcase classname="testNGStudy.NewTest" name="myMethod3" time="0.003">
    <system-out>
      <![CDATA[myMethod3 is running]]>
    </system-out>
  </testcase> <!-- myMethod3 -->
  <testcase classname="testNGStudy.NewTest" name="myMethod2" time="0.002">
    <system-out>
      <![CDATA[myMethod2 is running]]>
    </system-out>
  </testcase> <!-- myMethod2 -->
  <testcase classname="testNGStudy.NewTest" name="myMethod4" time="0.002">
    <system-out>
      <![CDATA[myMethod4 is running]]>
    </system-out>
  </testcase> <!-- myMethod4 -->
  <system-out>
    <![CDATA[a is running....
b is running....
c is running....
d is running....
e is running....
f is running....
myMethod1 is running
myMethod2 is running
myMethod3 is running
myMethod4 is running]]>
  </system-out>
</testsuite> <!-- testNGStudy.NewTest -->
