<?xml version="1.0" encoding="UTF-8"?>
<!-- Generated by org.testng.reporters.JUnitReportReporter -->
<testsuite hostname="DESKTOP-KIS4N2E" failures="0" tests="2" name="pomPolicyUsingTestNGUsingExcel.ValidatePolicyUserNameUsingDataProvider" time="47.942" errors="0" timestamp="2023-06-23T08:21:49 IST" skipped="0">
  <testcase classname="pomPolicyUsingTestNGUsingExcel.ValidatePolicyUserNameUsingDataProvider" name="verifyUserName" time="25.206"/>
  <testcase classname="pomPolicyUsingTestNGUsingExcel.ValidatePolicyUserNameUsingDataProvider" name="verifyUserName" time="22.736"/>
</testsuite> <!-- pomPolicyUsingTestNGUsingExcel.ValidatePolicyUserNameUsingDataProvider -->
