<?xml version="1.0" encoding="UTF-8"?>
<!-- Generated by org.testng.reporters.JUnitReportReporter -->
<testsuite hostname="DESKTOP-KIS4N2E" failures="0" tests="1" name="verificationUsingTestNg.ValidateUrl" time="4.848" errors="0" timestamp="2023-06-19T08:32:44 IST" skipped="0">
  <testcase classname="verificationUsingTestNg.ValidateUrl" name="validateUrlName" time="4.848">
    <system-out>
      <![CDATA[Actual and Expected url are not matching TC is failed]]>
    </system-out>
  </testcase> <!-- validateUrlName -->
  <system-out>
    <![CDATA[Actual and Expected url are not matching TC is failed]]>
  </system-out>
</testsuite> <!-- verificationUsingTestNg.ValidateUrl -->
