<?xml version="1.0" encoding="UTF-8"?>
<!-- Generated by org.testng.reporters.JUnitReportReporter -->
<testsuite hostname="DESKTOP-KIS4N2E" failures="0" tests="2" name="pomPolicyUsingTestNGUsingExcel.ValidatePolicyUserName2" time="35.467" errors="0" timestamp="2023-06-22T09:40:06 IST" skipped="0">
  <testcase classname="pomPolicyUsingTestNGUsingExcel.ValidatePolicyUserName2" name="verifyUserName" time="20.208"/>
  <testcase classname="pomPolicyUsingTestNGUsingExcel.ValidatePolicyUserName2" name="verifyUserName" time="15.259"/>
</testsuite> <!-- pomPolicyUsingTestNGUsingExcel.ValidatePolicyUserName2 -->
