<?xml version="1.0" encoding="UTF-8"?>
<!-- Generated by org.testng.reporters.JUnitReportReporter -->
<testsuite hostname="DESKTOP-KIS4N2E" failures="0" tests="4" name="listener.SampleTest" time="0.517" errors="1" timestamp="2023-06-29T07:51:36 IST" skipped="1">
  <testcase classname="listener.SampleTest" name="TC3" time="0.000">
    <skipped/>
  </testcase> <!-- TC3 -->
  <testcase classname="listener.SampleTest" name="TC1" time="0.002">
    <system-out>
      <![CDATA[TC1 is running]]>
    </system-out>
  </testcase> <!-- TC1 -->
  <testcase classname="listener.SampleTest" name="TC2" time="0.514">
    <error message="Method listener.SampleTest.TC2() didn&#039;t finish within the time-out 500" type="org.testng.internal.thread.ThreadTimeoutException">
      <![CDATA[org.testng.internal.thread.ThreadTimeoutException: Method listener.SampleTest.TC2() didn't finish within the time-out 500
at java.base@17.0.6/java.lang.Thread.sleep(Native Method)
at app//listener.SampleTest.TC2(SampleTest.java:21)
at java.base@17.0.6/jdk.internal.reflect.NativeMethodAccessorImpl.invoke0(Native Method)
at java.base@17.0.6/jdk.internal.reflect.NativeMethodAccessorImpl.invoke(NativeMethodAccessorImpl.java:77)
at java.base@17.0.6/jdk.internal.reflect.DelegatingMethodAccessorImpl.invoke(DelegatingMethodAccessorImpl.java:43)
at java.base@17.0.6/java.lang.reflect.Method.invoke(Method.java:568)
at app//org.testng.internal.invokers.MethodInvocationHelper.invokeMethod(MethodInvocationHelper.java:139)
at app//org.testng.internal.invokers.InvokeMethodRunnable.runOne(InvokeMethodRunnable.java:47)
at app//org.testng.internal.invokers.InvokeMethodRunnable.call(InvokeMethodRunnable.java:76)
at app//org.testng.internal.invokers.InvokeMethodRunnable.call(InvokeMethodRunnable.java:11)
at java.base@17.0.6/java.util.concurrent.FutureTask.run(FutureTask.java:264)
at java.base@17.0.6/java.util.concurrent.ThreadPoolExecutor.runWorker(ThreadPoolExecutor.java:1136)
at java.base@17.0.6/java.util.concurrent.ThreadPoolExecutor$Worker.run(ThreadPoolExecutor.java:635)
at java.base@17.0.6/java.lang.Thread.run(Thread.java:833)
]]>
    </error>
  </testcase> <!-- TC2 -->
  <testcase classname="listener.SampleTest" name="TC4" time="0.001">
    <system-out>
      <![CDATA[TC4 is running]]>
    </system-out>
  </testcase> <!-- TC4 -->
  <system-out>
    <![CDATA[TC1 is running
TC4 is running]]>
  </system-out>
</testsuite> <!-- listener.SampleTest -->
