<?xml version="1.0" encoding="UTF-8"?>
<!-- Generated by org.testng.reporters.JUnitReportReporter -->
<testsuite hostname="DESKTOP-KIS4N2E" failures="0" tests="1" name="pomPolicyUsingTestNG.ValidatePolicyUserName" time="8.022" errors="0" timestamp="2023-06-22T08:05:26 IST" skipped="0">
  <testcase classname="pomPolicyUsingTestNG.ValidatePolicyUserName" name="verifyUserName" time="8.022"/>
</testsuite> <!-- pomPolicyUsingTestNG.ValidatePolicyUserName -->
