<?xml version="1.0" encoding="UTF-8"?>
<!-- Generated by org.testng.reporters.JUnitReportReporter -->
<testsuite hostname="DESKTOP-KIS4N2E" failures="0" tests="3" name="testNGAnnotation.TestNGKeywordsUse" time="0.012" errors="0" timestamp="2023-06-15T08:02:18 IST" skipped="0">
  <testcase classname="testNGAnnotation.TestNGKeywordsUse" name="b" time="0.009">
    <system-out>
      <![CDATA[b is running...]]>
    </system-out>
  </testcase> <!-- b -->
  <testcase classname="testNGAnnotation.TestNGKeywordsUse" name="c" time="0.002">
    <system-out>
      <![CDATA[c is running...]]>
    </system-out>
  </testcase> <!-- c -->
  <testcase classname="testNGAnnotation.TestNGKeywordsUse" name="a" time="0.001">
    <system-out>
      <![CDATA[a is running...]]>
    </system-out>
  </testcase> <!-- a -->
  <system-out>
    <![CDATA[b is running...
a is running...
c is running...]]>
  </system-out>
</testsuite> <!-- testNGAnnotation.TestNGKeywordsUse -->
