<?xml version="1.0" encoding="UTF-8"?>
<!-- Generated by org.testng.reporters.JUnitReportReporter -->
<testsuite hostname="DESKTOP-KIS4N2E" failures="0" tests="2" name="testNGAnnotation.DependsOn" time="0.012" errors="0" timestamp="2023-06-15T07:49:23 IST" skipped="0">
  <testcase classname="testNGAnnotation.DependsOn" name="login" time="0.001">
    <system-out>
      <![CDATA[Login sucess...]]>
    </system-out>
  </testcase> <!-- login -->
  <testcase classname="testNGAnnotation.DependsOn" name="enterPassword" time="0.011">
    <system-out>
      <![CDATA[enter password ]]>
    </system-out>
  </testcase> <!-- enterPassword -->
  <system-out>
    <![CDATA[enter password 
Login sucess...]]>
  </system-out>
</testsuite> <!-- testNGAnnotation.DependsOn -->
