<?xml version="1.0" encoding="UTF-8"?>
<!-- Generated by org.testng.reporters.JUnitReportReporter -->
<testsuite hostname="DESKTOP-KIS4N2E" failures="0" tests="1" name="crossBrowser.FirefoxTest" time="8.152" errors="0" timestamp="2023-06-17T08:31:27 IST" skipped="0">
  <testcase classname="crossBrowser.FirefoxTest" name="f" time="8.152"/>
</testsuite> <!-- crossBrowser.FirefoxTest -->
