<?xml version="1.0" encoding="UTF-8"?>
<!-- Generated by org.testng.reporters.JUnitReportReporter -->
<testsuite hostname="DESKTOP-KIS4N2E" failures="0" tests="1" name="serail_Parallel.OpenGmail" time="2.946" errors="0" timestamp="2023-06-17T08:22:47 IST" skipped="0">
  <testcase classname="serail_Parallel.OpenGmail" name="twit" time="2.946"/>
</testsuite> <!-- serail_Parallel.OpenGmail -->
