<?xml version="1.0" encoding="UTF-8"?>
<!-- Generated by org.testng.reporters.JUnitReportReporter -->
<testsuite hostname="DESKTOP-KIS4N2E" failures="0" tests="5" name="testNGxml.MethodsStudy" time="0.065" errors="0" timestamp="2023-06-16T07:38:48 IST" skipped="0">
  <testcase classname="testNGxml.MethodsStudy" name="myMethod2" time="0.022">
    <system-out>
      <![CDATA[myMethod2 is running..]]>
    </system-out>
  </testcase> <!-- myMethod2 -->
  <testcase classname="testNGxml.MethodsStudy" name="myMethod5" time="0.014">
    <system-out>
      <![CDATA[myMethod5 is running..]]>
    </system-out>
  </testcase> <!-- myMethod5 -->
  <testcase classname="testNGxml.MethodsStudy" name="myMethod4" time="0.008">
    <system-out>
      <![CDATA[myMethod4 is running..]]>
    </system-out>
  </testcase> <!-- myMethod4 -->
  <testcase classname="testNGxml.MethodsStudy" name="myMethod6" time="0.017">
    <system-out>
      <![CDATA[myMethod6 is running..]]>
    </system-out>
  </testcase> <!-- myMethod6 -->
  <testcase classname="testNGxml.MethodsStudy" name="myMethod3" time="0.004">
    <system-out>
      <![CDATA[myMethod3 is running..]]>
    </system-out>
  </testcase> <!-- myMethod3 -->
  <system-out>
    <![CDATA[myMethod2 is running..
myMethod3 is running..
myMethod4 is running..
myMethod5 is running..
myMethod6 is running..]]>
  </system-out>
</testsuite> <!-- testNGxml.MethodsStudy -->
