<?xml version="1.0" encoding="UTF-8"?>
<!-- Generated by org.testng.reporters.JUnitReportReporter -->
<testsuite hostname="DESKTOP-KIS4N2E" failures="0" tests="2" name="testNGAnnotation.Study" time="0.008" errors="0" timestamp="2023-06-11T08:28:57 IST" skipped="0">
  <testcase classname="testNGAnnotation.Study" name="validateUserName" time="0.002"/>
  <testcase classname="testNGAnnotation.Study" name="validateGender" time="0.006"/>
</testsuite> <!-- testNGAnnotation.Study -->
