<?xml version="1.0" encoding="UTF-8"?>
<!-- Generated by org.testng.reporters.JUnitReportReporter -->
<testsuite hostname="DESKTOP-KIS4N2E" failures="0" tests="1" name="serail_Parallel.OpenFb" time="4.887" errors="0" timestamp="2023-06-17T08:22:47 IST" skipped="0">
  <testcase classname="serail_Parallel.OpenFb" name="fb" time="4.887"/>
</testsuite> <!-- serail_Parallel.OpenFb -->
