<?xml version="1.0" encoding="UTF-8"?>
<!-- Generated by org.testng.reporters.JUnitReportReporter -->
<testsuite hostname="DESKTOP-KIS4N2E" failures="0" tests="4" name="testNGAnnotation.EnabledUse" time="0.034" errors="0" timestamp="2023-06-12T09:20:33 IST" skipped="1">
  <testcase classname="testNGAnnotation.EnabledUse" name="b" time="0.023">
    <system-out>
      <![CDATA[Method b is running]]>
    </system-out>
  </testcase> <!-- b -->
  <testcase classname="testNGAnnotation.EnabledUse" name="d" time="0.004">
    <system-out>
      <![CDATA[Method d is running]]>
    </system-out>
  </testcase> <!-- d -->
  <testcase classname="testNGAnnotation.EnabledUse" name="c" time="0.007">
    <system-out>
      <![CDATA[Method c is running]]>
    </system-out>
  </testcase> <!-- c -->
  <testcase classname="testNGAnnotation.EnabledUse" name="a">
    <skipped/>
  </testcase> <!-- a -->
  <system-out>
    <![CDATA[Method b is running
Method c is running
Method d is running]]>
  </system-out>
</testsuite> <!-- testNGAnnotation.EnabledUse -->
