<?xml version="1.0" encoding="UTF-8"?>
<!-- Generated by org.testng.reporters.JUnitReportReporter -->
<testsuite hostname="DESKTOP-KIS4N2E" failures="0" tests="3" name="testNGxml.Testing2" time="0.004" errors="0" timestamp="2023-06-16T07:24:11 IST" skipped="0">
  <testcase classname="testNGxml.Testing2" name="e" time="0.001">
    <system-out>
      <![CDATA[e is running....]]>
    </system-out>
  </testcase> <!-- e -->
  <testcase classname="testNGxml.Testing2" name="f" time="0.002">
    <system-out>
      <![CDATA[f is running....]]>
    </system-out>
  </testcase> <!-- f -->
  <testcase classname="testNGxml.Testing2" name="d" time="0.001">
    <system-out>
      <![CDATA[d is running....]]>
    </system-out>
  </testcase> <!-- d -->
  <system-out>
    <![CDATA[a is running....
b is running....
c is running....
d is running....
e is running....
f is running....
myMethod1 is running
myMethod2 is running
myMethod3 is running
myMethod4 is running]]>
  </system-out>
</testsuite> <!-- testNGxml.Testing2 -->
