<?xml version="1.0" encoding="UTF-8"?>
<!-- Generated by org.testng.reporters.JUnitReportReporter -->
<testsuite hostname="DESKTOP-KIS4N2E" failures="0" tests="3" name="testNGxml.MethodsStudy2" time="0.017" errors="0" timestamp="2023-06-16T07:47:57 IST" skipped="0">
  <testcase classname="testNGxml.MethodsStudy2" name="myMethod10" time="0.013">
    <system-out>
      <![CDATA[myMethod10 is running..]]>
    </system-out>
  </testcase> <!-- myMethod10 -->
  <testcase classname="testNGxml.MethodsStudy2" name="myMethod11" time="0.002">
    <system-out>
      <![CDATA[myMethod11 is running..]]>
    </system-out>
  </testcase> <!-- myMethod11 -->
  <testcase classname="testNGxml.MethodsStudy2" name="myMethod12" time="0.002">
    <system-out>
      <![CDATA[myMethod12 is running..]]>
    </system-out>
  </testcase> <!-- myMethod12 -->
  <system-out>
    <![CDATA[myMethod10 is running..
myMethod11 is running..
myMethod12 is running..
myMethod1 is running..
myMethod2 is running..
myMethod3 is running..]]>
  </system-out>
</testsuite> <!-- testNGxml.MethodsStudy2 -->
