<?xml version="1.0" encoding="UTF-8"?>
<!-- Generated by org.testng.reporters.JUnitReportReporter -->
<testsuite hostname="DESKTOP-KIS4N2E" failures="0" tests="4" name="testNGAnnotation.PirorityUse" time="0.014" errors="0" timestamp="2023-06-12T09:00:21 IST" skipped="0">
  <testcase classname="testNGAnnotation.PirorityUse" name="d" time="0.009">
    <system-out>
      <![CDATA[Method d is running]]>
    </system-out>
  </testcase> <!-- d -->
  <testcase classname="testNGAnnotation.PirorityUse" name="b" time="0.002">
    <system-out>
      <![CDATA[Method b is running]]>
    </system-out>
  </testcase> <!-- b -->
  <testcase classname="testNGAnnotation.PirorityUse" name="c" time="0.002">
    <system-out>
      <![CDATA[Method c is running]]>
    </system-out>
  </testcase> <!-- c -->
  <testcase classname="testNGAnnotation.PirorityUse" name="a" time="0.001">
    <system-out>
      <![CDATA[Method a is running]]>
    </system-out>
  </testcase> <!-- a -->
  <system-out>
    <![CDATA[Method d is running
Method b is running
Method c is running
Method a is running]]>
  </system-out>
</testsuite> <!-- testNGAnnotation.PirorityUse -->
