<?xml version="1.0" encoding="UTF-8"?>
<!-- Generated by org.testng.reporters.JUnitReportReporter -->
<testsuite hostname="DESKTOP-KIS4N2E" failures="0" tests="1" name="testNGStudy.My1stTestNgCLass" time="3.932" errors="0" timestamp="2023-06-08T08:29:53 IST" skipped="0">
  <testcase classname="testNGStudy.My1stTestNgCLass" name="myMethod" time="3.932"/>
</testsuite> <!-- testNGStudy.My1stTestNgCLass -->
