<?xml version="1.0" encoding="UTF-8"?>
<!-- Generated by org.testng.reporters.JUnitReportReporter -->
<testsuite hostname="DESKTOP-KIS4N2E" failures="0" tests="3" name="testNGAnnotation.Testing" time="0.008" errors="0" timestamp="2023-06-15T07:56:33 IST" skipped="0">
  <testcase classname="testNGAnnotation.Testing" name="a" time="0.006">
    <system-out>
      <![CDATA[a is running]]>
    </system-out>
  </testcase> <!-- a -->
  <testcase classname="testNGAnnotation.Testing" name="b" time="0.001">
    <system-out>
      <![CDATA[b is running]]>
    </system-out>
  </testcase> <!-- b -->
  <testcase classname="testNGAnnotation.Testing" name="c" time="0.001">
    <system-out>
      <![CDATA[c is running]]>
    </system-out>
  </testcase> <!-- c -->
  <system-out>
    <![CDATA[a is running
b is running
c is running]]>
  </system-out>
</testsuite> <!-- testNGAnnotation.Testing -->
