<?xml version="1.0" encoding="UTF-8"?>
<!-- Generated by org.testng.reporters.JUnitReportReporter -->
<testsuite hostname="DESKTOP-KIS4N2E" failures="0" tests="1" name="testPolicyBazaar.ValidatePolicyUserName" time="14.536" errors="0" timestamp="2023-06-27T08:16:05 IST" skipped="0">
  <testcase classname="testPolicyBazaar.ValidatePolicyUserName" name="validateUserName" time="14.536">
    <system-out>
      <![CDATA[waiting for 1000 milli sec
getting actual userName
waiting for 2000 milli sec
Reading data from excel row num 0 cell num is 2
taking screenshot
screenShot location is ... D:\Velocity\Java Class\18Feb Morning\screenShot\Rajashri Kadam PB_TC_1234.png]]>
    </system-out>
  </testcase> <!-- validateUserName -->
  <system-out>
    <![CDATA[waiting for 100 milli sec
Launching browser
waiting for 1000 milli sec
clicking on home page signInButton
waiting for 1000 milli sec
Reading data from excel row num 0 cell num is 0
entering mobile number
waiting for 1000 milli sec
clicking on signInWithPassword
waiting for 1000 milli sec
Reading data from excel row num 0 cell num is 1
entring password
waiting for 1000 milli sec
clicking on signInButton
waiting for 1000 milli sec
clicking on myAccount Button
waiting for 1000 milli sec
clicking on myProfile Button
waiting for 1000 milli sec
switching to child page
waiting for 200 milli sec
waiting for 1000 milli sec
getting actual userName
waiting for 2000 milli sec
Reading data from excel row num 0 cell num is 2
taking screenshot
screenShot location is ... D:\Velocity\Java Class\18Feb Morning\screenShot\Rajashri Kadam PB_TC_1234.png
logging out...
waiting for 1000 milli sec
Closing Browser]]>
  </system-out>
</testsuite> <!-- testPolicyBazaar.ValidatePolicyUserName -->
