<?xml version="1.0" encoding="UTF-8"?>
<!-- Generated by org.testng.reporters.JUnitReportReporter -->
<testsuite hostname="DESKTOP-KIS4N2E" failures="0" tests="3" name="testNGxml.MethodsStudy1" time="0.007" errors="0" timestamp="2023-06-16T07:47:57 IST" skipped="0">
  <testcase classname="testNGxml.MethodsStudy1" name="myMethod2" time="0.003">
    <system-out>
      <![CDATA[myMethod2 is running..]]>
    </system-out>
  </testcase> <!-- myMethod2 -->
  <testcase classname="testNGxml.MethodsStudy1" name="myMethod3" time="0.002">
    <system-out>
      <![CDATA[myMethod3 is running..]]>
    </system-out>
  </testcase> <!-- myMethod3 -->
  <testcase classname="testNGxml.MethodsStudy1" name="myMethod1" time="0.002">
    <system-out>
      <![CDATA[myMethod1 is running..]]>
    </system-out>
  </testcase> <!-- myMethod1 -->
  <system-out>
    <![CDATA[myMethod10 is running..
myMethod11 is running..
myMethod12 is running..
myMethod1 is running..
myMethod2 is running..
myMethod3 is running..]]>
  </system-out>
</testsuite> <!-- testNGxml.MethodsStudy1 -->
