<?xml version="1.0" encoding="UTF-8"?>
<!-- Generated by org.testng.reporters.JUnitReportReporter -->
<testsuite hostname="DESKTOP-KIS4N2E" failures="0" tests="5" name="testNGAnnotation.InvocationCountUse" time="0.015" errors="0" timestamp="2023-06-12T08:47:53 IST" skipped="0">
  <testcase classname="testNGAnnotation.InvocationCountUse" name="busBooking" time="0.002">
    <system-out>
      <![CDATA[busBooking is running]]>
    </system-out>
  </testcase> <!-- busBooking -->
  <testcase classname="testNGAnnotation.InvocationCountUse" name="busBooking" time="0.001">
    <system-out>
      <![CDATA[busBooking is running]]>
    </system-out>
  </testcase> <!-- busBooking -->
  <testcase classname="testNGAnnotation.InvocationCountUse" name="busBooking" time="0.001">
    <system-out>
      <![CDATA[busBooking is running]]>
    </system-out>
  </testcase> <!-- busBooking -->
  <testcase classname="testNGAnnotation.InvocationCountUse" name="busBooking" time="0.001">
    <system-out>
      <![CDATA[busBooking is running]]>
    </system-out>
  </testcase> <!-- busBooking -->
  <testcase classname="testNGAnnotation.InvocationCountUse" name="busBooking" time="0.010">
    <system-out>
      <![CDATA[busBooking is running]]>
    </system-out>
  </testcase> <!-- busBooking -->
  <system-out>
    <![CDATA[busBooking is running
busBooking is running
busBooking is running
busBooking is running
busBooking is running]]>
  </system-out>
</testsuite> <!-- testNGAnnotation.InvocationCountUse -->
