<?xml version="1.0" encoding="UTF-8"?>
<!-- Generated by org.testng.reporters.JUnitReportReporter -->
<testsuite hostname="DESKTOP-KIS4N2E" failures="0" tests="3" name="testNGxml.GroupsStudy2" time="0.006" errors="0" timestamp="2023-06-16T08:04:35 IST" skipped="0">
  <testcase classname="testNGxml.GroupsStudy2" name="myMethod10" time="0.001">
    <system-out>
      <![CDATA[myMethod10 is running..]]>
    </system-out>
  </testcase> <!-- myMethod10 -->
  <testcase classname="testNGxml.GroupsStudy2" name="myMethod8" time="0.002">
    <system-out>
      <![CDATA[myMethod8 is running..]]>
    </system-out>
  </testcase> <!-- myMethod8 -->
  <testcase classname="testNGxml.GroupsStudy2" name="myMethod12" time="0.003">
    <system-out>
      <![CDATA[myMethod12 is running..]]>
    </system-out>
  </testcase> <!-- myMethod12 -->
  <system-out>
    <![CDATA[myMethod2 is running..
myMethod4 is running..
myMethod6 is running..
myMethod10 is running..
myMethod12 is running..
myMethod8 is running..]]>
  </system-out>
</testsuite> <!-- testNGxml.GroupsStudy2 -->
